  MOlab2.cpp
C:\Users\karin\source\repos\university-tasks\MOlab2\MOlab2\vector_utils.h(159,47): warning C4267: инициализация: преобразование из "size_t" в "int"; возможна потеря данных
C:\Users\karin\source\repos\university-tasks\MOlab2\MOlab2\vector_utils.h(175,47): warning C4267: инициализация: преобразование из "size_t" в "int"; возможна потеря данных
C:\Users\karin\source\repos\university-tasks\MOlab2\MOlab2\vector_utils.h(193,2): warning C4227: устаревший элемент: пропуск квалификаторов для ссылки
C:\Users\karin\source\repos\university-tasks\MOlab2\MOlab2\vector_utils.h(209,2): warning C4227: устаревший элемент: пропуск квалификаторов для ссылки
C:\Users\karin\source\repos\university-tasks\MOlab2\MOlab2\matrix_utils.h(64,39): warning C4267: аргумент: преобразование из "size_t" в "const int"; возможна потеря данных
C:\Users\karin\source\repos\university-tasks\MOlab2\MOlab2\matrix_utils.h(167,23): warning C4267: инициализация: преобразование из "size_t" в "int"; возможна потеря данных
C:\Users\karin\source\repos\university-tasks\MOlab2\MOlab2\matrix_utils.h(169,26): warning C4267: инициализация: преобразование из "size_t" в "int"; возможна потеря данных
C:\Users\karin\source\repos\university-tasks\MOlab2\MOlab2\matrix_utils.h(232,2): warning C4267: инициализация: преобразование из "size_t" в "int"; возможна потеря данных
C:\Users\karin\source\repos\university-tasks\MOlab2\MOlab2\matrix_utils.h(244,23): warning C4267: инициализация: преобразование из "size_t" в "int"; возможна потеря данных
C:\Users\karin\source\repos\university-tasks\MOlab2\MOlab2\matrix_utils.h(246,26): warning C4267: инициализация: преобразование из "size_t" в "int"; возможна потеря данных
C:\Users\karin\source\repos\university-tasks\MOlab2\MOlab2\matrix_utils.h(259,23): warning C4267: инициализация: преобразование из "size_t" в "int"; возможна потеря данных
C:\Users\karin\source\repos\university-tasks\MOlab2\MOlab2\matrix_utils.h(261,26): warning C4267: инициализация: преобразование из "size_t" в "int"; возможна потеря данных
C:\Users\karin\source\repos\university-tasks\MOlab2\MOlab2\matrix_utils.h(320,18): warning C4267: инициализация: преобразование из "size_t" в "int"; возможна потеря данных
C:\Users\karin\source\repos\university-tasks\MOlab2\MOlab2\matrix_utils.h(322,21): warning C4267: инициализация: преобразование из "size_t" в "int"; возможна потеря данных
C:\Users\karin\source\repos\university-tasks\MOlab2\MOlab2\MOlab2.cpp(94,40): warning C4267: инициализация: преобразование из "size_t" в "int"; возможна потеря данных
C:\Users\karin\source\repos\university-tasks\MOlab2\MOlab2\MOlab2.cpp(231,1): warning C4267: =: преобразование из "size_t" в "int"; возможна потеря данных
C:\Users\karin\source\repos\university-tasks\MOlab2\MOlab2\MOlab2.cpp(232,1): warning C4267: =: преобразование из "size_t" в "int"; возможна потеря данных
C:\Users\karin\source\repos\university-tasks\MOlab2\MOlab2\MOlab2.cpp(252,1): warning C4267: =: преобразование из "size_t" в "int"; возможна потеря данных
  MOlab2.vcxproj -> C:\Users\karin\source\repos\university-tasks\MOlab2\x64\Debug\MOlab2.exe
