nvcc warning : The 'compute_20', 'sm_20', and 'sm_21' architectures are deprecated, and may be removed in a future release (Use -Wno-deprecated-gpu-targets to suppress warning).
Sequence. SIZE: 5600
TIME OF WORK IS: 1690.833333333

A =

0.646729 0.476321 0.231078 0.741713 0.179293 
0.416477 0.701156 0.463213 0.569364 0.543999 
0.989685 0.029904 0.852250 0.530707 0.302139 
0.194443 0.057182 0.413921 0.457833 0.070728 
0.566226 0.268058 0.779020 0.075865 0.486890 

B =

0.419036 0.519940 0.795786 0.425749 0.552186 
0.104958 0.749953 0.864178 0.158190 0.880449 
0.299643 0.190280 0.024118 0.559049 0.573903 
0.516816 0.912988 0.236138 0.725150 0.359321 
0.454143 0.055201 0.150328 0.024059 0.338787 

C =

1381.418091 1383.060791 1411.258179 1366.923828 1414.416016 
1400.056274 1393.845581 1404.205444 1401.737061 1377.590820 
1378.777832 1378.345093 1413.141846 1409.807129 1397.831177 
1372.168823 1388.516479 1383.262085 1386.765137 1386.446533 
1400.278198 1414.021729 1380.429199 1394.994629 1394.208008 

